c:\projects\sisao\sisao\debug\vc142.pdb
c:\projects\sisao\sisao\debug\vc142.idb
c:\projects\sisao\sisao\debug\tilemap.obj
c:\projects\sisao\sisao\debug\texture.obj
c:\projects\sisao\sisao\debug\sprite.obj
c:\projects\sisao\sisao\debug\shaderprogram.obj
c:\projects\sisao\sisao\debug\shader.obj
c:\projects\sisao\sisao\debug\scene.obj
c:\projects\sisao\sisao\debug\player.obj
c:\projects\sisao\sisao\debug\main.obj
c:\projects\sisao\sisao\debug\game.obj
c:\projects\sisao\sisao\debug\camera.obj
c:\projects\sisao\debug\sisao.exe
c:\projects\sisao\sisao\debug\sisao.ilk
c:\projects\sisao\debug\sisao.pdb
c:\projects\sisao\sisao\debug\tilemap.obj.enc
c:\projects\sisao\sisao\debug\sisao.tlog\cl.command.1.tlog
c:\projects\sisao\sisao\debug\sisao.tlog\cl.read.1.tlog
c:\projects\sisao\sisao\debug\sisao.tlog\cl.write.1.tlog
c:\projects\sisao\sisao\debug\sisao.tlog\link.command.1.tlog
c:\projects\sisao\sisao\debug\sisao.tlog\link.read.1.tlog
c:\projects\sisao\sisao\debug\sisao.tlog\link.write.1.tlog
