  Camera.cpp
C:\Projects\Sisao\Sisao\Camera.h(2,10): fatal error C1083: Cannot open include file: 'glm/gtc/matrix_transform.hpp': No such file or directory
  Game.cpp
C:\Projects\Sisao\Sisao\Game.cpp(1,10): fatal error C1083: Cannot open include file: 'GL/glew.h': No such file or directory
  main.cpp
C:\Projects\Sisao\Sisao\main.cpp(1,10): fatal error C1083: Cannot open include file: 'GL/glew.h': No such file or directory
  Player.cpp
C:\Projects\Sisao\Sisao\Player.cpp(3,10): fatal error C1083: Cannot open include file: 'GL/glew.h': No such file or directory
  Scene.cpp
C:\Projects\Sisao\Sisao\Scene.cpp(3,10): fatal error C1083: Cannot open include file: 'glm/gtc/matrix_transform.hpp': No such file or directory
  Shader.cpp
C:\Projects\Sisao\Sisao\Shader.h(6,10): fatal error C1083: Cannot open include file: 'GL/glew.h': No such file or directory
  ShaderProgram.cpp
C:\Projects\Sisao\Sisao\ShaderProgram.cpp(1,10): fatal error C1083: Cannot open include file: 'glm/gtc/type_ptr.hpp': No such file or directory
  Sprite.cpp
C:\Projects\Sisao\Sisao\Sprite.cpp(1,10): fatal error C1083: Cannot open include file: 'GL/glew.h': No such file or directory
  Texture.cpp
C:\Projects\Sisao\Sisao\Texture.cpp(1,10): fatal error C1083: Cannot open include file: 'SOIL.h': No such file or directory
  TileMap.cpp
C:\Projects\Sisao\Sisao\TileMap.h(4,10): fatal error C1083: Cannot open include file: 'glm/glm.hpp': No such file or directory
